  RigidbodyComp.cpp
C:\Users\kirit\source\repos\ECS-Entity-Component-System-\program\vector2d.h(165,20): warning C4244: '=': 'N' から 'T' への変換です。データが失われる可能性があります。
C:\Users\kirit\source\repos\ECS-Entity-Component-System-\program\vector2d.h(165,20): warning C4244:         with
C:\Users\kirit\source\repos\ECS-Entity-Component-System-\program\vector2d.h(165,20): warning C4244:         [
C:\Users\kirit\source\repos\ECS-Entity-Component-System-\program\vector2d.h(165,20): warning C4244:             N=double
C:\Users\kirit\source\repos\ECS-Entity-Component-System-\program\vector2d.h(165,20): warning C4244:         ]
C:\Users\kirit\source\repos\ECS-Entity-Component-System-\program\vector2d.h(165,20): warning C4244:         and
C:\Users\kirit\source\repos\ECS-Entity-Component-System-\program\vector2d.h(165,20): warning C4244:         [
C:\Users\kirit\source\repos\ECS-Entity-Component-System-\program\vector2d.h(165,20): warning C4244:             T=float
C:\Users\kirit\source\repos\ECS-Entity-Component-System-\program\vector2d.h(165,20): warning C4244:         ]
  (ソース ファイル 'program/RigidbodyComp.cpp' をコンパイルしています)
      C:\Users\kirit\source\repos\ECS-Entity-Component-System-\program\vector2d.h(165,20):
      テンプレートインスタンス化コンテキスト (最初に最も古いもの) は
          C:\Users\kirit\source\repos\ECS-Entity-Component-System-\program\RigidbodyComp.cpp(62,43):
          コンパイル対象の関数 テンプレート インスタンス化 'Vector2D<float> operator *<float,double>(const Vector2D<float> &,const N &)' のリファレンスを確認してください
          with
          [
              N=double
          ]
  
C:\Users\kirit\source\repos\ECS-Entity-Component-System-\program\vector2d.h(166,20): warning C4244: '=': 'N' から 'T' への変換です。データが失われる可能性があります。
C:\Users\kirit\source\repos\ECS-Entity-Component-System-\program\vector2d.h(166,20): warning C4244:         with
C:\Users\kirit\source\repos\ECS-Entity-Component-System-\program\vector2d.h(166,20): warning C4244:         [
C:\Users\kirit\source\repos\ECS-Entity-Component-System-\program\vector2d.h(166,20): warning C4244:             N=double
C:\Users\kirit\source\repos\ECS-Entity-Component-System-\program\vector2d.h(166,20): warning C4244:         ]
C:\Users\kirit\source\repos\ECS-Entity-Component-System-\program\vector2d.h(166,20): warning C4244:         and
C:\Users\kirit\source\repos\ECS-Entity-Component-System-\program\vector2d.h(166,20): warning C4244:         [
C:\Users\kirit\source\repos\ECS-Entity-Component-System-\program\vector2d.h(166,20): warning C4244:             T=float
C:\Users\kirit\source\repos\ECS-Entity-Component-System-\program\vector2d.h(166,20): warning C4244:         ]
  (ソース ファイル 'program/RigidbodyComp.cpp' をコンパイルしています)
  
  DxlibBase.vcxproj -> C:\Users\kirit\Source\Repos\ECS-Entity-Component-System-\x64\Debug\DxlibBase.exe
